LOAD #32      ;
STORE 2       ;
LOAD #16      ;
STORE 5       ;
STORE 16        ; DECLA_VAR i
STORE 17        ; DECLA_VAR j
STORE 18        ; DECLA_VAR n
LOAD #0       ;  NB
STORE 19        ; DECLA_VAR cpt
READ ;
STORE 18        ; AFFECTATION
LOAD #0       ;  NB
STORE 16        ; AFFECTATION
LOAD 18      ;   ID
INC 2         ;
STORE @2         ;
LOAD 16      ;   ID
SUB @2        ;
JUML 21       ;
LOAD #0 ;
JUMP 22      ;
LOAD #1 ;
DEC 2         ;
JUMZ 58        ; TQ
LOAD 16      ;   ID
STORE 17        ; AFFECTATION
LOAD 18      ;   ID
INC 2         ;
STORE @2         ;
LOAD 17      ;   ID
SUB @2        ;
JUML 34       ;
LOAD #0 ;
JUMP 35      ;
LOAD #1 ;
DEC 2         ;
JUMZ 50        ; TQ
LOAD #1       ;  NB
INC 2         ;
STORE @2         ;
LOAD 19      ;   ID
ADD @2        ;
DEC 2         ;
STORE 19        ; AFFECTATION
LOAD #1       ;  NB
INC 2         ;
STORE @2         ;
LOAD 17      ;   ID
ADD @2        ;
DEC 2         ;
STORE 17        ; AFFECTATION
JUMP 26       ;  FTQ
LOAD #1       ;  NB
INC 2         ;
STORE @2         ;
LOAD 16      ;   ID
ADD @2        ;
DEC 2         ;
STORE 16        ; AFFECTATION
JUMP 13       ;  FTQ
LOAD 19      ;   ID
WRITE ;
STOP ;
